<?xml version="1.0" encoding="UTF-8"?>
<testng-results skipped="0" failed="0" ignored="0" total="1" passed="1">
  <reporter-output>
  </reporter-output>
  <suite name="Default suite" duration-ms="27897" started-at="2022-01-27T11:49:16 IST" finished-at="2022-01-27T11:49:44 IST">
    <groups>
    </groups>
    <test name="Default test" duration-ms="27897" started-at="2022-01-27T11:49:16 IST" finished-at="2022-01-27T11:49:44 IST">
      <class name="webElements.MouseHover">
        <test-method status="PASS" signature="test1()[pri:0, instance:webElements.MouseHover@76707e36]" name="test1" duration-ms="27836" started-at="2022-01-27T11:49:16 IST" finished-at="2022-01-27T11:49:44 IST">
          <reporter-output>
          </reporter-output>
        </test-method> <!-- test1 -->
      </class> <!-- webElements.MouseHover -->
    </test> <!-- Default test -->
  </suite> <!-- Default suite -->
</testng-results>
