<?xml version="1.0" encoding="UTF-8"?>
<!-- Generated by org.testng.reporters.JUnitXMLReporter -->
<testsuite hostname="DESKTOP-SN8RE1U" ignored="0" name="Test" tests="4" failures="0" timestamp="2022-01-22T12:07:48 IST" time="47.281" errors="0">
  <testcase name="testAutombileLink" time="3.487" classname="testScripts.Home.TC_HomePage_Validation"/>
  <testcase name="testCamperLink" time="0.675" classname="testScripts.Home.TC_HomePage_Validation"/>
  <testcase name="testMotorCycleLink" time="0.846" classname="testScripts.Home.TC_HomePage_Validation"/>
  <testcase name="testTruckLink" time="0.857" classname="testScripts.Home.TC_HomePage_Validation"/>
</testsuite> <!-- Test -->
