<?xml version="1.0" encoding="UTF-8"?>
<testng-results skipped="0" failed="0" ignored="0" total="1" passed="1">
  <reporter-output>
  </reporter-output>
  <suite name="Default suite" duration-ms="91" started-at="2021-06-16T10:06:05 IST" finished-at="2021-06-16T10:06:06 IST">
    <groups>
    </groups>
    <test name="Default test" duration-ms="91" started-at="2021-06-16T10:06:05 IST" finished-at="2021-06-16T10:06:06 IST">
      <class name="basics.Demo">
        <test-method status="PASS" signature="methodOne()[pri:0, instance:basics.Demo@17579e0f]" name="methodOne" duration-ms="10" started-at="2021-06-16T10:06:06 IST" finished-at="2021-06-16T10:06:06 IST">
          <reporter-output>
          </reporter-output>
        </test-method> <!-- methodOne -->
      </class> <!-- basics.Demo -->
    </test> <!-- Default test -->
  </suite> <!-- Default suite -->
</testng-results>
