<?xml version="1.0" encoding="UTF-8"?>
<testng-results skipped="0" failed="0" ignored="0" total="1" passed="1">
  <reporter-output>
  </reporter-output>
  <suite name="Default suite" duration-ms="86" started-at="2021-06-26T16:20:58 IST" finished-at="2021-06-26T16:20:59 IST">
    <groups>
    </groups>
    <test name="Default test" duration-ms="86" started-at="2021-06-26T16:20:58 IST" finished-at="2021-06-26T16:20:59 IST">
      <class name="Basics.Launchbrowser">
        <test-method status="PASS" signature="method()[pri:0, instance:Basics.Launchbrowser@9660f4e]" name="method" duration-ms="11" started-at="2021-06-26T16:20:59 IST" finished-at="2021-06-26T16:20:59 IST">
          <reporter-output>
          </reporter-output>
        </test-method> <!-- method -->
      </class> <!-- Basics.Launchbrowser -->
    </test> <!-- Default test -->
  </suite> <!-- Default suite -->
</testng-results>
