<?xml version="1.0" encoding="UTF-8"?>
<!-- Generated by org.testng.reporters.JUnitXMLReporter -->
<testsuite hostname="DESKTOP-SN8RE1U" ignored="2" name="Test" tests="2" failures="0" timestamp="2021-12-06T18:40:49 IST" time="0.061" errors="0">
  <testcase name="launchBrowser" time="0.011" classname="Parameter.ParameterConcept"/>
  <testcase name="login" time="0.001" classname="Parameter.ParameterConcept"/>
  <testcase name="verifyInbox" time="0.0" classname="Parameter.ParameterConcept">
    <ignored/>
  </testcase> <!-- verifyInbox -->
  <testcase name="Logout" time="0.0" classname="Parameter.ParameterConcept">
    <ignored/>
  </testcase> <!-- Logout -->
</testsuite> <!-- Test -->
