<?xml version="1.0" encoding="UTF-8"?>
<!-- Generated by org.testng.reporters.JUnitXMLReporter -->
<testsuite hostname="DESKTOP-SN8RE1U" ignored="0" name="SentBox Test" tests="4" failures="0" timestamp="2021-12-05T11:05:48 IST" time="0.022" errors="0">
  <testcase name="test1" time="0.001" classname="testNGBasicAnnotations.TestNGClass1"/>
  <testcase name="test2" time="0.002" classname="testNGBasicAnnotations.TestNGClass1"/>
  <testcase name="test1" time="0.001" classname="testNGBasicAnnotations.TestNGClass2"/>
  <testcase name="test2" time="0.001" classname="testNGBasicAnnotations.TestNGClass2"/>
</testsuite> <!-- SentBox Test -->
