<?xml version="1.0" encoding="UTF-8"?>
<testng-results skipped="0" failed="0" ignored="0" total="2" passed="2">
  <reporter-output>
  </reporter-output>
  <suite name="Default suite" duration-ms="84" started-at="2022-01-26T19:57:29 IST" finished-at="2022-01-26T19:57:29 IST">
    <groups>
    </groups>
    <test name="Default test" duration-ms="84" started-at="2022-01-26T19:57:29 IST" finished-at="2022-01-26T19:57:29 IST">
      <class name="testNGBasicAnnotations.TestNGClass2">
        <test-method status="PASS" signature="beforeSuite()[pri:0, instance:testNGBasicAnnotations.TestNGClass2@4493d195]" name="beforeSuite" is-config="true" duration-ms="36" started-at="2022-01-26T19:57:29 IST" finished-at="2022-01-26T19:57:29 IST">
          <reporter-output>
          </reporter-output>
        </test-method> <!-- beforeSuite -->
        <test-method status="PASS" signature="beforeClass()[pri:0, instance:testNGBasicAnnotations.TestNGClass2@4493d195]" name="beforeClass" is-config="true" duration-ms="0" started-at="2022-01-26T19:57:29 IST" finished-at="2022-01-26T19:57:29 IST">
          <reporter-output>
          </reporter-output>
        </test-method> <!-- beforeClass -->
        <test-method status="PASS" signature="test1()[pri:0, instance:testNGBasicAnnotations.TestNGClass2@4493d195]" name="test1" duration-ms="13" started-at="2022-01-26T19:57:29 IST" finished-at="2022-01-26T19:57:29 IST">
          <reporter-output>
          </reporter-output>
        </test-method> <!-- test1 -->
        <test-method status="PASS" signature="test2()[pri:0, instance:testNGBasicAnnotations.TestNGClass2@4493d195]" name="test2" duration-ms="4" started-at="2022-01-26T19:57:29 IST" finished-at="2022-01-26T19:57:29 IST">
          <reporter-output>
          </reporter-output>
        </test-method> <!-- test2 -->
        <test-method status="PASS" signature="afterclass()[pri:0, instance:testNGBasicAnnotations.TestNGClass2@4493d195]" name="afterclass" is-config="true" duration-ms="7" started-at="2022-01-26T19:57:29 IST" finished-at="2022-01-26T19:57:29 IST">
          <reporter-output>
          </reporter-output>
        </test-method> <!-- afterclass -->
        <test-method status="PASS" signature="afterSuite()[pri:0, instance:testNGBasicAnnotations.TestNGClass2@4493d195]" name="afterSuite" is-config="true" duration-ms="1" started-at="2022-01-26T19:57:29 IST" finished-at="2022-01-26T19:57:29 IST">
          <reporter-output>
          </reporter-output>
        </test-method> <!-- afterSuite -->
      </class> <!-- testNGBasicAnnotations.TestNGClass2 -->
    </test> <!-- Default test -->
  </suite> <!-- Default suite -->
</testng-results>
